<?xml version="1.0" encoding="UTF-8"?>
<!-- Generated by org.testng.reporters.JUnitXMLReporter -->
<testsuite hostname="DESKTOP-G5OR1MT" ignored="0" name="Test" tests="2" failures="2" timestamp="2021-06-03T17:47:37 EDT" time="43.538" errors="0">
  <testcase name="LandingPage_test" time="40.192" classname="com.autpmationPractice.Test.Scripts.SmokeTest">
    <failure type="org.openqa.selenium.support.ui.UnexpectedTagNameException" message="Element should have been &amp;quot;select&amp;quot; but was &amp;quot;div&amp;quot;
Build info: version: &amp;apos;3.141.59&amp;apos;, revision: &amp;apos;e82be7d358&amp;apos;, time: &amp;apos;2018-11-14T08:17:03&amp;apos;
System info: host: &amp;apos;DESKTOP-G5OR1MT&amp;apos;, ip: &amp;apos;192.168.0.13&amp;apos;, os.name: &amp;apos;Windows 10&amp;apos;, os.arch: &amp;apos;amd64&amp;apos;, os.version: &amp;apos;10.0&amp;apos;, java.version: &amp;apos;1.8.0_212&amp;apos;
Driver info: driver.version: unknown">
      <![CDATA[org.openqa.selenium.support.ui.UnexpectedTagNameException: Element should have been "select" but was "div"
Build info: version: '3.141.59', revision: 'e82be7d358', time: '2018-11-14T08:17:03'
System info: host: 'DESKTOP-G5OR1MT', ip: '192.168.0.13', os.name: 'Windows 10', os.arch: 'amd64', os.version: '10.0', java.version: '1.8.0_212'
Driver info: driver.version: unknown
at org.openqa.selenium.support.ui.Select.<init>(Select.java:48)
at com.automationPractice.Pages.SummaryPage.selectCountry(SummaryPage.java:81)
at com.autpmationPractice.Test.Scripts.SmokeTest.LandingPage_test(SmokeTest.java:80)
at java.util.ArrayList.forEach(Unknown Source)
... Removed 27 stack frames]]>
    </failure>
  </testcase> <!-- LandingPage_test -->
  <testcase name="LandingPage_test" time="42.799" classname="com.autpmationPractice.Test.Scripts.SmokeTest">
    <failure type="java.lang.NullPointerException">
      <![CDATA[java.lang.NullPointerException
at com.automationPractice.Library.Base.getScreenShotPath(Base.java:86)
at com.autpmationPractice.Test.Scripts.Listeners.onTestFailure(Listeners.java:46)
at java.util.ArrayList.forEach(Unknown Source)
... Removed 24 stack frames]]>
    </failure>
  </testcase> <!-- LandingPage_test -->
</testsuite> <!-- Test -->
